<?xml version="1.0" encoding="UTF-8"?>
<!-- Generated by org.testng.reporters.JUnitXMLReporter -->
<testsuite ignored="0" hostname="PAVIJI-PC" failures="0" tests="8" name="ALERT MODAL" time="171.329" errors="0" timestamp="27 Feb 2021 12:52:38 GMT">
  <testcase classname="alertmodal.BootStrapAlert" name="TC01" time="2.338"/>
  <testcase classname="alertmodal.BootStrapAlert" name="TC02" time="12.46"/>
  <testcase classname="alertmodal.JavaScriptAlert" name="TC01" time="0.389"/>
  <testcase classname="alertmodal.JavaScriptAlert" name="TC02" time="4.993"/>
  <testcase classname="alertmodal.Popup" name="TC01" time="15.011"/>
  <testcase classname="alertmodal.Popup" name="TC02" time="6.94"/>
  <testcase classname="alertmodal.Popup" name="TC03" time="17.734"/>
  <testcase classname="alertmodal.Popup" name="TC04" time="10.187"/>
</testsuite> <!-- ALERT MODAL -->
