<?xml version="1.0" encoding="UTF-8"?>
<!-- Generated by org.testng.reporters.JUnitXMLReporter -->
<testsuite ignored="0" hostname="PAVIJI-PC" failures="0" tests="8" name="INPUT FORM" time="98.77" errors="0" timestamp="27 Feb 2021 12:47:35 GMT">
  <testcase classname="inputform.SimpleFormDemo" name="TC01" time="1.792"/>
  <testcase classname="inputform.SimpleFormDemo" name="TC02" time="1.555"/>
  <testcase classname="inputform.SimpleFormDemo" name="TC03" time="0.875"/>
  <testcase classname="inputform.SimpleFormDemo" name="TC04" time="1.396"/>
  <testcase classname="inputform.SimpleFormDemo" name="TC05" time="1.414"/>
  <testcase classname="inputform.AdvancedInputform" name="TC01" time="3.972"/>
  <testcase classname="inputform.AdvancedInputform" name="TC02" time="1.493"/>
  <testcase classname="inputform.AdvancedInputform" name="TC03" time="3.245"/>
</testsuite> <!-- INPUT FORM -->
