<?xml version="1.0" encoding="UTF-8"?>
<!-- Generated by org.testng.reporters.JUnitXMLReporter -->
<testsuite ignored="0" hostname="PAVIJI-PC" failures="0" tests="3" name="OTHER ELEMENTS" time="526.89" errors="0" timestamp="27 Feb 2021 13:01:56 GMT">
  <testcase classname="OtherElements.dragandDrop" name="TC01" time="493.285"/>
  <testcase classname="OtherElements.dragandDrop" name="TC02" time="1.063"/>
  <testcase classname="OtherElements.dragandDrop" name="TC03" time="2.655"/>
</testsuite> <!-- OTHER ELEMENTS -->
