<?xml version="1.0" encoding="UTF-8"?>
<!-- Generated by org.testng.reporters.JUnitXMLReporter -->
<testsuite ignored="0" hostname="PAVIJI-PC" failures="0" tests="3" name="PROGRESS BAR" time="42.747" errors="0" timestamp="27 Feb 2021 12:49:46 GMT">
  <testcase classname="progressbarandslider.ProgressBars" name="TC01" time="4.106"/>
  <testcase classname="progressbarandslider.ProgressBars" name="TC02" time="3.898"/>
  <testcase classname="progressbarandslider.ProgressBars" name="TC03" time="0.846"/>
</testsuite> <!-- PROGRESS BAR -->
