<?xml version="1.0" encoding="UTF-8"?>
<!-- Generated by org.testng.reporters.JUnitXMLReporter -->
<testsuite ignored="0" hostname="PAVIJI-PC" failures="0" tests="4" name="TABLE" time="58.184" errors="0" timestamp="27 Feb 2021 12:49:04 GMT">
  <testcase classname="table.TablePagination" name="TC01" time="2.705"/>
  <testcase classname="table.TablePagination" name="TC02" time="5.223"/>
  <testcase classname="table.TablePagination" name="TC03" time="4.28"/>
  <testcase classname="table.TableSortSearch" name="TC01" time="3.048"/>
</testsuite> <!-- TABLE -->
