<?xml version="1.0" encoding="UTF-8"?>
<!-- Generated by org.testng.reporters.JUnitXMLReporter -->
<testsuite ignored="0" hostname="PAVIJI-PC" failures="0" tests="5" name="Default test" time="95.954" errors="0" timestamp="25 Feb 2021 15:08:31 GMT">
  <testcase classname="inputform.SimpleFormDemo" name="TC01" time="3.038"/>
  <testcase classname="inputform.SimpleFormDemo" name="TC02" time="2.378"/>
  <testcase classname="inputform.SimpleFormDemo" name="TC03" time="2.463"/>
  <testcase classname="inputform.SimpleFormDemo" name="TC04" time="1.64"/>
  <testcase classname="inputform.SimpleFormDemo" name="TC05" time="2.63"/>
</testsuite> <!-- Default test -->
